root@OpenWrt:~# opkg install node
Installing node (v0.12.7-1) to root...
Downloading http://downloads.openwrt.org/snapshots/trunk/brcm2708/generic/packages/packages/node_v0.12.7-1_brcm2708.ipk.
Installing libpthread (1.1.11-1) to root...
Downloading http://downloads.openwrt.org/snapshots/trunk/brcm2708/generic/packages/base/libpthread_1.1.11-1_brcm2708.ipk.
Installing librt (1.1.11-1) to root...
Downloading http://downloads.openwrt.org/snapshots/trunk/brcm2708/generic/packages/base/librt_1.1.11-1_brcm2708.ipk.
Installing libstdcpp (5.2.0-1) to root...
Downloading http://downloads.openwrt.org/snapshots/trunk/brcm2708/generic/packages/base/libstdcpp_5.2.0-1_brcm2708.ipk.
Installing libopenssl (1.0.2d-1) to root...
Downloading http://downloads.openwrt.org/snapshots/trunk/brcm2708/generic/packages/base/libopenssl_1.0.2d-1_brcm2708.ipk.
Installing zlib (1.2.8-1) to root...
Downloading http://downloads.openwrt.org/snapshots/trunk/brcm2708/generic/packages/base/zlib_1.2.8-1_brcm2708.ipk.
Installing libuv (1.6.1-1) to root...
Downloading http://downloads.openwrt.org/snapshots/trunk/brcm2708/generic/packages/packages/libuv_1.6.1-1_brcm2708.ipk.
Configuring libpthread.
Configuring libstdcpp.
Configuring librt.
Configuring zlib.
Configuring libopenssl.
Configuring libuv.
Configuring node.
